[debug] [2023-01-17T04:26:29.453Z] ----------------------------------------------------------------------
[debug] [2023-01-17T04:26:29.456Z] Command:       C:\Program Files\nodejs\node.exe C:\Users\k_munakata\AppData\Roaming\npm\node_modules\firebase-tools\lib\bin\firebase.js init
[debug] [2023-01-17T04:26:29.456Z] CLI Version:   11.20.0
[debug] [2023-01-17T04:26:29.456Z] Platform:      win32
[debug] [2023-01-17T04:26:29.457Z] Node Version:  v16.16.0
[debug] [2023-01-17T04:26:29.458Z] Time:          Tue Jan 17 2023 13:26:29 GMT+0900 (日本標準時)
[debug] [2023-01-17T04:26:29.458Z] ----------------------------------------------------------------------
[debug] 
[debug] [2023-01-17T04:26:29.553Z] Object ".extensions" in "firebase.json" has unknown property: {"additionalProperty":"firestore-send-email"}
[debug] [2023-01-17T04:26:29.560Z] > command requires scopes: ["email","openid","https://www.googleapis.com/auth/cloudplatformprojects.readonly","https://www.googleapis.com/auth/firebase","https://www.googleapis.com/auth/cloud-platform"]
[debug] [2023-01-17T04:26:29.561Z] > authorizing via signed-in user (muna.sakasakuta@gmail.com)
[debug] [2023-01-17T04:26:29.562Z] Object ".extensions" in "firebase.json" has unknown property: {"additionalProperty":"firestore-send-email"}
[info] 
     ######## #### ########  ######## ########     ###     ######  ########
     ##        ##  ##     ## ##       ##     ##  ##   ##  ##       ##
     ######    ##  ########  ######   ########  #########  ######  ######
     ##        ##  ##    ##  ##       ##     ## ##     ##       ## ##
     ##       #### ##     ## ######## ########  ##     ##  ######  ########

You're about to initialize a Firebase project in this directory:

  C:\Users\k_munakata\ReactProjects\universal-design-chat

Before we get started, keep in mind:

  * You are initializing within an existing Firebase project directory

[info] 
=== Project Setup
[info] 
[info] First, let's associate this project directory with a Firebase project.
[info] You can create multiple project aliases by running firebase use --add, 
[info] but for now we'll just set up a default project.
[info] 
[debug] [2023-01-17T04:26:51.434Z] Using project from CLI flag: universal-design-chat-67f6b
[debug] [2023-01-17T04:26:51.438Z] >>> [apiv2][query] GET https://firebase.googleapis.com/v1beta1/projects/universal-design-chat-67f6b [none]
[debug] [2023-01-17T04:26:51.856Z] <<< [apiv2][status] GET https://firebase.googleapis.com/v1beta1/projects/universal-design-chat-67f6b 200
[debug] [2023-01-17T04:26:51.856Z] <<< [apiv2][body] GET https://firebase.googleapis.com/v1beta1/projects/universal-design-chat-67f6b {"projectId":"universal-design-chat-67f6b","projectNumber":"550962484342","displayName":"universal-design-chat","name":"projects/universal-design-chat-67f6b","resources":{"hostingSite":"universal-design-chat-67f6b"},"state":"ACTIVE","etag":"1_5fb924ae-aba6-4519-950a-a80d15ba4194"}
[info] i  Using project universal-design-chat-67f6b (universal-design-chat) 
[info] 
=== Functions Setup
[debug] [2023-01-17T04:26:51.910Z] > command requires scopes: ["email","openid","https://www.googleapis.com/auth/cloudplatformprojects.readonly","https://www.googleapis.com/auth/firebase","https://www.googleapis.com/auth/cloud-platform"]
[debug] [2023-01-17T04:26:51.911Z] > authorizing via signed-in user (muna.sakasakuta@gmail.com)
[debug] [2023-01-17T04:26:51.911Z] [iam] checking project universal-design-chat-67f6b for permissions ["firebase.projects.get"]
[debug] [2023-01-17T04:26:51.913Z] >>> [apiv2][query] POST https://cloudresourcemanager.googleapis.com/v1/projects/universal-design-chat-67f6b:testIamPermissions [none]
[debug] [2023-01-17T04:26:51.913Z] >>> [apiv2][(partial)header] POST https://cloudresourcemanager.googleapis.com/v1/projects/universal-design-chat-67f6b:testIamPermissions x-goog-quota-user=projects/universal-design-chat-67f6b
[debug] [2023-01-17T04:26:51.913Z] >>> [apiv2][body] POST https://cloudresourcemanager.googleapis.com/v1/projects/universal-design-chat-67f6b:testIamPermissions {"permissions":["firebase.projects.get"]}
[debug] [2023-01-17T04:26:52.572Z] <<< [apiv2][status] POST https://cloudresourcemanager.googleapis.com/v1/projects/universal-design-chat-67f6b:testIamPermissions 200
[debug] [2023-01-17T04:26:52.572Z] <<< [apiv2][body] POST https://cloudresourcemanager.googleapis.com/v1/projects/universal-design-chat-67f6b:testIamPermissions {"permissions":["firebase.projects.get"]}
[debug] [2023-01-17T04:26:52.573Z] >>> [apiv2][query] GET https://serviceusage.googleapis.com/v1/projects/universal-design-chat-67f6b/services/cloudfunctions.googleapis.com [none]
[debug] [2023-01-17T04:26:52.573Z] >>> [apiv2][(partial)header] GET https://serviceusage.googleapis.com/v1/projects/universal-design-chat-67f6b/services/cloudfunctions.googleapis.com x-goog-quota-user=projects/universal-design-chat-67f6b
[debug] [2023-01-17T04:26:52.574Z] >>> [apiv2][query] GET https://serviceusage.googleapis.com/v1/projects/universal-design-chat-67f6b/services/runtimeconfig.googleapis.com [none]
[debug] [2023-01-17T04:26:52.575Z] >>> [apiv2][(partial)header] GET https://serviceusage.googleapis.com/v1/projects/universal-design-chat-67f6b/services/runtimeconfig.googleapis.com x-goog-quota-user=projects/universal-design-chat-67f6b
[debug] [2023-01-17T04:26:53.658Z] <<< [apiv2][status] GET https://serviceusage.googleapis.com/v1/projects/universal-design-chat-67f6b/services/runtimeconfig.googleapis.com 200
[debug] [2023-01-17T04:26:53.659Z] <<< [apiv2][body] GET https://serviceusage.googleapis.com/v1/projects/universal-design-chat-67f6b/services/runtimeconfig.googleapis.com [omitted]
[debug] [2023-01-17T04:26:53.696Z] <<< [apiv2][status] GET https://serviceusage.googleapis.com/v1/projects/universal-design-chat-67f6b/services/cloudfunctions.googleapis.com 200
[debug] [2023-01-17T04:26:53.696Z] <<< [apiv2][body] GET https://serviceusage.googleapis.com/v1/projects/universal-design-chat-67f6b/services/cloudfunctions.googleapis.com [omitted]
[info] 
Detected existing codebase(s): default

[info] Let's create a new codebase for your functions.
[info] A directory corresponding to the codebase will be created in your project
[info] with sample code pre-configured.

[info] See https://firebase.google.com/docs/functions/organize-functions for
[info] more information on organizing your functions using codebases.

[info] Functions can be deployed with firebase deploy.

[debug] [2023-01-17T04:27:13.179Z] Error: ENOENT: no such file or directory, mkdir 'C:\Users\k_munakata\ReactProjects\universal-design-chat\uni	'
    at Object.mkdirSync (node:fs:1349:3)
    at Object.module.exports.makeDirSync (C:\Users\k_munakata\AppData\Roaming\npm\node_modules\firebase-tools\node_modules\fs-extra\lib\mkdirs\make-dir.js:23:13)
    at Object.createFileSync (C:\Users\k_munakata\AppData\Roaming\npm\node_modules\firebase-tools\node_modules\fs-extra\lib\ensure\file.js:59:45)
    at Config.writeProjectFile (C:\Users\k_munakata\AppData\Roaming\npm\node_modules\firebase-tools\lib\config.js:152:12)
    at C:\Users\k_munakata\AppData\Roaming\npm\node_modules\firebase-tools\lib\config.js:176:22
    at processTicksAndRejections (node:internal/process/task_queues:96:5)
[error] 
[error] Error: An unexpected error has occurred.
